<?xml version="1.0" encoding="UTF-8"?>
<!-- Generated by org.testng.reporters.JUnitXMLReporter -->
<testsuite ignored="0" hostname="DESKTOP-JPIFOPI" failures="1" tests="5" name="Test" time="66.261" errors="0" timestamp="2022-11-01T10:14:03 PDT">
  <testcase classname="testNGPractice.VarifyLoginFunctionality" name="VarifyLogin" time="0.024"/>
  <testcase classname="testNGPractice.VarifyLogoutFunctionality" name="varifyLogOut" time="3.568"/>
  <testcase classname="testNGPractice.VarifyFilterFunctionality" name="varifyFilter" time="0.658"/>
  <testcase classname="testNGPractice.VarifyProductSelect" name="varifyProduct" time="0.273"/>
  <testcase classname="testNGPractice.VarifyAddtocartAllProducts" name="addToCartallProducts" time="5.671">
    <failure type="java.lang.AssertionError" message="expected [5] but found [6]">
      <![CDATA[java.lang.AssertionError: expected [5] but found [6]
at testNGPractice.VarifyAddtocartAllProducts.addToCartallProducts(VarifyAddtocartAllProducts.java:30)
at java.base/java.util.ArrayList.forEach(ArrayList.java:1511)
... Removed 33 stack frames]]>
    </failure>
  </testcase> <!-- addToCartallProducts -->
</testsuite> <!-- Test -->
